<?xml version="1.0" encoding="UTF-8"?>
<!-- Generated by org.testng.reporters.JUnitXMLReporter -->
<testsuite ignored="0" hostname="Legion-5" failures="0" tests="11" name="Test" time="4.71" errors="0" timestamp="2021-09-16T13:32:45 WIB">
  <testcase classname="restassured.restassuredfirst.BaseAPITest" name="@BeforeMethod login" time="0.002">
    <failure type="java.lang.ExceptionInInitializerError">
      <![CDATA[java.lang.ExceptionInInitializerError
at restassured.restassuredfirst.BaseAPITest.login(BaseAPITest.java:24)
at java.base/java.util.ArrayList.forEach(ArrayList.java:1511)
Caused by: java.lang.NullPointerException: Cannot invoke "String.length()" because the return value of "java.lang.System.getProperty(String)" is null
at restassured.restassuredfirst.utils.DataUtility.<clinit>(DataUtility.java:14)
... 33 more
... Removed 31 stack frames]]>
    </failure>
  </testcase> <!-- @BeforeMethod login -->
  <testcase classname="restassured.restassuredfirst.BaseAPITest" name="@BeforeMethod login" time="-1.631773965272E9">
    <skipped/>
  </testcase> <!-- @BeforeMethod login -->
  <testcase classname="restassured.restassuredfirst.BaseAPITest" name="@BeforeMethod login" time="-1.631773965274E9">
    <skipped/>
  </testcase> <!-- @BeforeMethod login -->
  <testcase classname="restassured.restassuredfirst.BaseAPITest" name="@BeforeMethod login" time="-1.631773965276E9">
    <skipped/>
  </testcase> <!-- @BeforeMethod login -->
  <testcase classname="restassured.restassuredfirst.BaseAPITest" name="@BeforeMethod login" time="0.001">
    <failure type="java.lang.NoClassDefFoundError" message="Could not initialize class restassured.restassuredfirst.utils.DataUtility">
      <![CDATA[java.lang.NoClassDefFoundError: Could not initialize class restassured.restassuredfirst.utils.DataUtility
at restassured.restassuredfirst.BaseAPITest.login(BaseAPITest.java:24)
at java.base/java.util.ArrayList.forEach(ArrayList.java:1511)
... Removed 31 stack frames]]>
    </failure>
  </testcase> <!-- @BeforeMethod login -->
  <testcase classname="restassured.restassuredfirst.BaseAPITest" name="@BeforeMethod login" time="-1.631773965281E9">
    <skipped/>
  </testcase> <!-- @BeforeMethod login -->
  <testcase classname="restassured.restassuredfirst.BaseAPITest" name="@BeforeMethod login" time="-1.631773965283E9">
    <skipped/>
  </testcase> <!-- @BeforeMethod login -->
  <testcase classname="restassured.restassuredfirst.BaseAPITest" name="@BeforeMethod login" time="-1.631773965286E9">
    <skipped/>
  </testcase> <!-- @BeforeMethod login -->
  <testcase classname="restassured.restassuredfirst.APITest" name="fakerTest" time="0.123"/>
  <testcase classname="restassured.restassuredfirst.APITest" name="testLoginAPI" time="2.97"/>
  <testcase classname="restassured.restassuredfirst.APITest" name="dashboardAPI" time="1.56"/>
  <testcase classname="restassured.restassuredfirst.APITestAfterRefactor2" name="configurationsAPI" time="0.0">
    <skipped/>
  </testcase> <!-- configurationsAPI -->
  <testcase classname="restassured.restassuredfirst.APITestAfterRefactor2" name="dashboardAPI" time="0.0">
    <skipped/>
  </testcase> <!-- dashboardAPI -->
  <testcase classname="restassured.restassuredfirst.APITestAfterRefactor2" name="fakerTest" time="0.0">
    <skipped/>
  </testcase> <!-- fakerTest -->
  <testcase classname="restassured.restassuredfirst.APITestAfterRefactor2" name="testInvalidCredentials" time="0.0">
    <skipped/>
  </testcase> <!-- testInvalidCredentials -->
  <testcase classname="restassured.restassuredfirst.APITestAfterRefactor1" name="configurationsAPI" time="0.0">
    <skipped/>
  </testcase> <!-- configurationsAPI -->
  <testcase classname="restassured.restassuredfirst.APITestAfterRefactor1" name="dashboardAPI" time="0.0">
    <skipped/>
  </testcase> <!-- dashboardAPI -->
  <testcase classname="restassured.restassuredfirst.APITestAfterRefactor1" name="fakerTest" time="0.0">
    <skipped/>
  </testcase> <!-- fakerTest -->
  <testcase classname="restassured.restassuredfirst.APITestAfterRefactor1" name="fakerTest2" time="0.0">
    <skipped/>
  </testcase> <!-- fakerTest2 -->
</testsuite> <!-- Test -->
