<?xml version="1.0" encoding="UTF-8"?>
<!-- Generated by org.testng.reporters.JUnitXMLReporter -->
<testsuite ignored="0" hostname="Legion-5" failures="0" tests="11" name="Test" time="26.819" errors="0" timestamp="16 Sep 2021 06:34:41 GMT">
  <testcase classname="restassured.restassuredfirst.APITest" name="fakerTest" time="0.143"/>
  <testcase classname="restassured.restassuredfirst.APITestAfterRefactor2" name="configurationsAPI" time="1.638"/>
  <testcase classname="restassured.restassuredfirst.APITestAfterRefactor2" name="dashboardAPI" time="2.013"/>
  <testcase classname="restassured.restassuredfirst.APITestAfterRefactor2" name="fakerTest" time="0.024"/>
  <testcase classname="restassured.restassuredfirst.APITestAfterRefactor2" name="testInvalidCredentials" time="1.451"/>
  <testcase classname="restassured.restassuredfirst.APITestAfterRefactor1" name="configurationsAPI" time="1.615"/>
  <testcase classname="restassured.restassuredfirst.APITestAfterRefactor1" name="dashboardAPI" time="1.561"/>
  <testcase classname="restassured.restassuredfirst.APITestAfterRefactor1" name="fakerTest" time="0.017"/>
  <testcase classname="restassured.restassuredfirst.APITestAfterRefactor1" name="fakerTest2" time="0.022"/>
  <testcase classname="restassured.restassuredfirst.APITest" name="testLoginAPI" time="1.635"/>
  <testcase classname="restassured.restassuredfirst.APITest" name="dashboardAPI" time="1.641"/>
</testsuite> <!-- Test -->
