<?xml version="1.0" encoding="UTF-8"?>
<!-- Generated by org.testng.reporters.JUnitXMLReporter -->
<testsuite ignored="2" hostname="Legion-5" failures="0" tests="1" name="Default test" time="3.594" errors="0" timestamp="2021-09-16T13:01:26 WIB">
  <testcase classname="restassured.restassuredfirst.APITest" name="testLoginAPI" time="3.566"/>
  <testcase classname="restassured.restassuredfirst.APITest" name="fakerTest" time="0.0">
    <ignored/>
  </testcase> <!-- fakerTest -->
  <testcase classname="restassured.restassuredfirst.APITest" name="dashboardAPI" time="0.0">
    <ignored/>
  </testcase> <!-- dashboardAPI -->
</testsuite> <!-- Default test -->
